<?xml version="1.0" encoding="UTF-8"?>
<!-- Generated by org.testng.reporters.JUnitReportReporter -->
<testsuite hostname="DESKTOP-OIRFGQC" failures="0" tests="3" name="tests.Search" time="16.695" errors="0" timestamp="2024-02-16T09:56:28 EST" skipped="0">
  <testcase classname="tests.Search" name="verifySearchWithValidProduct" time="6.071"/>
  <system-out/>
  <testcase classname="tests.Search" name="verifySearchWithInValidProduct" time="5.764"/>
  <system-out/>
  <testcase classname="tests.Search" name="verifySearchWithoutAnyProduct" time="4.860"/>
  <system-out/>
</testsuite> <!-- tests.Search -->
