<?xml version="1.0" encoding="UTF-8"?>
<!-- Generated by org.testng.reporters.JUnitReportReporter -->
<testsuite hostname="DESKTOP-OIRFGQC" failures="0" tests="4" name="tests.RegisterTest" time="27.320" errors="0" timestamp="2024-02-16T13:32:20 EST" skipped="0">
  <testcase classname="tests.RegisterTest" name="verifyRegisterWithMandatoryFields" time="7.311"/>
  <system-out/>
  <testcase classname="tests.RegisterTest" name="verifyRegisterWithAllFields" time="7.521"/>
  <system-out/>
  <testcase classname="tests.RegisterTest" name="verifyRegisterWithExistingEmail" time="6.789"/>
  <system-out/>
  <testcase classname="tests.RegisterTest" name="verifyRegisterWithoutFillAnyDetails" time="5.699"/>
  <system-out/>
</testsuite> <!-- tests.RegisterTest -->
