<?xml version="1.0" encoding="UTF-8"?>
<!-- Generated by org.testng.reporters.JUnitReportReporter -->
<testsuite hostname="DESKTOP-OIRFGQC" failures="0" tests="3" name="tests.SearchTest" time="19.195" errors="0" timestamp="2024-02-16T13:32:20 EST" skipped="0">
  <testcase classname="tests.SearchTest" name="verifySearchWithValidProduct" time="5.443"/>
  <system-out/>
  <testcase classname="tests.SearchTest" name="verifySearchWithInValidProduct" time="7.739"/>
  <system-out/>
  <testcase classname="tests.SearchTest" name="verifySearchWithoutAnyProduct" time="6.013"/>
  <system-out/>
</testsuite> <!-- tests.SearchTest -->
