<?xml version="1.0" encoding="UTF-8"?>
<!-- Generated by org.testng.reporters.JUnitReportReporter -->
<testsuite hostname="DESKTOP-OIRFGQC" failures="0" tests="1" name="tests.AlertDemo" time="7.900" errors="0" timestamp="2024-02-11T20:06:25 EST" skipped="0">
  <testcase classname="tests.AlertDemo" name="verifyRegisterWithMandatoryFields" time="7.900"/>
  <system-out/>
</testsuite> <!-- tests.AlertDemo -->
