<?xml version="1.0" encoding="UTF-8"?>
<!-- Generated by org.testng.reporters.JUnitReportReporter -->
<testsuite hostname="DESKTOP-OIRFGQC" failures="0" tests="5" name="tests.LoginTest" time="30.061" errors="0" timestamp="2024-02-16T17:54:17 EST" skipped="0">
  <testcase classname="tests.LoginTest" name="verifyLoginWithValidCredentials" time="6.625"/>
  <system-out/>
  <testcase classname="tests.LoginTest" name="verifyLoginWithInvalidCredentials" time="5.757"/>
  <system-out/>
  <testcase classname="tests.LoginTest" name="verifyLoginWithInvalidEmaiAndValidPassword" time="5.966"/>
  <system-out/>
  <testcase classname="tests.LoginTest" name="verifyLoginWithValidEmaiAndInvalidPassword" time="5.609"/>
  <system-out/>
  <testcase classname="tests.LoginTest" name="verifyLoginWithoutProvidingCredentials" time="6.104"/>
  <system-out/>
</testsuite> <!-- tests.LoginTest -->
