<?xml version="1.0" encoding="UTF-8"?>
<!-- Generated by org.testng.reporters.JUnitReportReporter -->
<testsuite hostname="DESKTOP-OIRFGQC" failures="0" tests="1" name="NewTest" time="0.012" errors="0" timestamp="2024-02-11T16:34:35 EST" skipped="0">
  <testcase classname="NewTest" name="f" time="0.012"/>
  <system-out/>
</testsuite> <!-- NewTest -->
