<?xml version="1.0" encoding="UTF-8"?>
<!-- Generated by org.testng.reporters.JUnitReportReporter -->
<testsuite hostname="DESKTOP-OIRFGQC" failures="0" tests="4" name="tests.Register" time="27.433" errors="0" timestamp="2024-02-16T09:56:28 EST" skipped="0">
  <testcase classname="tests.Register" name="verifyRegisterWithMandatoryFields" time="6.804"/>
  <system-out/>
  <testcase classname="tests.Register" name="verifyRegisterWithAllFields" time="7.884"/>
  <system-out/>
  <testcase classname="tests.Register" name="verifyRegisterWithExistingEmail" time="6.965"/>
  <system-out/>
  <testcase classname="tests.Register" name="verifyRegisterWithoutFillAnyDetails" time="5.780"/>
  <system-out/>
</testsuite> <!-- tests.Register -->
