<?xml version="1.0" encoding="UTF-8"?>
<!-- Generated by org.testng.reporters.JUnitReportReporter -->
<testsuite hostname="DESKTOP-OIRFGQC" failures="0" tests="5" name="tests.LoginTest" time="38.181" errors="0" timestamp="2024-02-16T13:32:20 EST" skipped="0">
  <testcase classname="tests.LoginTest" name="verifyLoginWithValidCredentials" time="6.458"/>
  <system-out/>
  <testcase classname="tests.LoginTest" name="verifyLoginWithInvalidCredentials" time="6.933"/>
  <system-out/>
  <testcase classname="tests.LoginTest" name="verifyLoginWithInvalidEmaiAndValidPassword" time="5.728"/>
  <system-out/>
  <testcase classname="tests.LoginTest" name="verifyLoginWithValidEmaiAndInvalidPassword" time="10.180"/>
  <system-out/>
  <testcase classname="tests.LoginTest" name="verifyLoginWithoutProvidingCredentials" time="8.882"/>
  <system-out/>
</testsuite> <!-- tests.LoginTest -->
